{
  "uid" : "fdb33ba6d591877e",
  "name" : "Login Data Driven",
  "fullName" : "Login Feature: Login Data Driven",
  "historyId" : "e6f0e18705992df168b0dda6209802c3",
  "time" : {
    "start" : 1651147605070,
    "stop" : 1651147612589,
    "duration" : 7519
  },
  "description" : "  This feature deals with the login functionality of the application",
  "descriptionHtml" : "<p>This feature deals with the login functionality of the application</p>\n",
  "status" : "skipped",
  "statusMessage" : "Could not start a new session. Response code 500. Message: unknown error: Chrome failed to start: exited abnormally.\n  (unknown error: DevToolsActivePort file doesn't exist)\n  (The process started from chrome location /usr/bin/google-chrome is no longer running, so ChromeDriver is assuming that Chrome has crashed.)\nBuild info: version: '4.1.3', revision: '7b1ebf28ef'\nSystem info: host: 'fv-az80-986', ip: '10.1.0.56', os.name: 'Linux', os.arch: 'amd64', os.version: '5.13.0-1022-azure', java.version: '11.0.14.1'\nDriver info: org.openqa.selenium.chrome.ChromeDriver\nCommand: [null, newSession {capabilities=[Capabilities {browserName: chrome, goog:chromeOptions: {args: [--disable-dev-shm-usage, --no-sandbox, disable-features=NetworkSer..., enable-features=NetworkServ..., disable-infobars, --disable-extensions, --disable-gpu, --log-level=3, --silent], extensions: []}}], desiredCapabilities=Capabilities {browserName: chrome, goog:chromeOptions: {args: [--disable-dev-shm-usage, --no-sandbox, disable-features=NetworkSer..., enable-features=NetworkServ..., disable-infobars, --disable-extensions, --disable-gpu, --log-level=3, --silent], extensions: []}}}]",
  "statusTrace" : "org.openqa.selenium.SessionNotCreatedException: Could not start a new session. Response code 500. Message: unknown error: Chrome failed to start: exited abnormally.\n  (unknown error: DevToolsActivePort file doesn't exist)\n  (The process started from chrome location /usr/bin/google-chrome is no longer running, so ChromeDriver is assuming that Chrome has crashed.)\nBuild info: version: '4.1.3', revision: '7b1ebf28ef'\nSystem info: host: 'fv-az80-986', ip: '10.1.0.56', os.name: 'Linux', os.arch: 'amd64', os.version: '5.13.0-1022-azure', java.version: '11.0.14.1'\nDriver info: org.openqa.selenium.chrome.ChromeDriver\nCommand: [null, newSession {capabilities=[Capabilities {browserName: chrome, goog:chromeOptions: {args: [--disable-dev-shm-usage, --no-sandbox, disable-features=NetworkSer..., enable-features=NetworkServ..., disable-infobars, --disable-extensions, --disable-gpu, --log-level=3, --silent], extensions: []}}], desiredCapabilities=Capabilities {browserName: chrome, goog:chromeOptions: {args: [--disable-dev-shm-usage, --no-sandbox, disable-features=NetworkSer..., enable-features=NetworkServ..., disable-infobars, --disable-extensions, --disable-gpu, --log-level=3, --silent], extensions: []}}}]\n\tat org.openqa.selenium.remote.ProtocolHandshake.createSession(ProtocolHandshake.java:126)\n\tat org.openqa.selenium.remote.ProtocolHandshake.createSession(ProtocolHandshake.java:84)\n\tat org.openqa.selenium.remote.ProtocolHandshake.createSession(ProtocolHandshake.java:62)\n\tat org.openqa.selenium.remote.HttpCommandExecutor.execute(HttpCommandExecutor.java:156)\n\tat org.openqa.selenium.remote.service.DriverCommandExecutor.invokeExecute(DriverCommandExecutor.java:167)\n\tat org.openqa.selenium.remote.service.DriverCommandExecutor.execute(DriverCommandExecutor.java:142)\n\tat org.openqa.selenium.remote.RemoteWebDriver.execute(RemoteWebDriver.java:567)\n\tat org.openqa.selenium.remote.RemoteWebDriver.startSession(RemoteWebDriver.java:248)\n\tat org.openqa.selenium.remote.RemoteWebDriver.<init>(RemoteWebDriver.java:164)\n\tat org.openqa.selenium.chromium.ChromiumDriver.<init>(ChromiumDriver.java:108)\n\tat org.openqa.selenium.chrome.ChromeDriver.<init>(ChromeDriver.java:106)\n\tat org.openqa.selenium.chrome.ChromeDriver.<init>(ChromeDriver.java:93)\n\tat org.openqa.selenium.chrome.ChromeDriver.<init>(ChromeDriver.java:82)\n\tat factory.DriverFactory.init_driver(DriverFactory.java:40)\n\tat appHooks.HookSteps.lauchDriver(HookSteps.java:19)\n",
  "flaky" : false,
  "newFailed" : false,
  "beforeStages" : [ {
    "name" : "appHooks.HookSteps.lauchDriver()",
    "time" : {
      "start" : 1651147605073,
      "stop" : 1651147612132,
      "duration" : 7059
    },
    "status" : "broken",
    "statusMessage" : "BEFORE is failed: Could not start a new session. Response code 500. Message: unknown error: Chrome failed to start: exited abnormally.\n  (unknown error: DevToolsActivePort file doesn't exist)\n  (The process started from chrome location /usr/bin/google-chrome is no longer running, so ChromeDriver is assuming that Chrome has crashed.)\nBuild info: version: '4.1.3', revision: '7b1ebf28ef'\nSystem info: host: 'fv-az80-986', ip: '10.1.0.56', os.name: 'Linux', os.arch: 'amd64', os.version: '5.13.0-1022-azure', java.version: '11.0.14.1'\nDriver info: org.openqa.selenium.chrome.ChromeDriver\nCommand: [null, newSession {capabilities=[Capabilities {browserName: chrome, goog:chromeOptions: {args: [--disable-dev-shm-usage, --no-sandbox, disable-features=NetworkSer..., enable-features=NetworkServ..., disable-infobars, --disable-extensions, --disable-gpu, --log-level=3, --silent], extensions: []}}], desiredCapabilities=Capabilities {browserName: chrome, goog:chromeOptions: {args: [--disable-dev-shm-usage, --no-sandbox, disable-features=NetworkSer..., enable-features=NetworkServ..., disable-infobars, --disable-extensions, --disable-gpu, --log-level=3, --silent], extensions: []}}}]",
    "statusTrace" : "org.openqa.selenium.SessionNotCreatedException: Could not start a new session. Response code 500. Message: unknown error: Chrome failed to start: exited abnormally.\n  (unknown error: DevToolsActivePort file doesn't exist)\n  (The process started from chrome location /usr/bin/google-chrome is no longer running, so ChromeDriver is assuming that Chrome has crashed.)\nBuild info: version: '4.1.3', revision: '7b1ebf28ef'\nSystem info: host: 'fv-az80-986', ip: '10.1.0.56', os.name: 'Linux', os.arch: 'amd64', os.version: '5.13.0-1022-azure', java.version: '11.0.14.1'\nDriver info: org.openqa.selenium.chrome.ChromeDriver\nCommand: [null, newSession {capabilities=[Capabilities {browserName: chrome, goog:chromeOptions: {args: [--disable-dev-shm-usage, --no-sandbox, disable-features=NetworkSer..., enable-features=NetworkServ..., disable-infobars, --disable-extensions, --disable-gpu, --log-level=3, --silent], extensions: []}}], desiredCapabilities=Capabilities {browserName: chrome, goog:chromeOptions: {args: [--disable-dev-shm-usage, --no-sandbox, disable-features=NetworkSer..., enable-features=NetworkServ..., disable-infobars, --disable-extensions, --disable-gpu, --log-level=3, --silent], extensions: []}}}]\n\tat org.openqa.selenium.remote.ProtocolHandshake.createSession(ProtocolHandshake.java:126)\n\tat org.openqa.selenium.remote.ProtocolHandshake.createSession(ProtocolHandshake.java:84)\n\tat org.openqa.selenium.remote.ProtocolHandshake.createSession(ProtocolHandshake.java:62)\n\tat org.openqa.selenium.remote.HttpCommandExecutor.execute(HttpCommandExecutor.java:156)\n\tat org.openqa.selenium.remote.service.DriverCommandExecutor.invokeExecute(DriverCommandExecutor.java:167)\n\tat org.openqa.selenium.remote.service.DriverCommandExecutor.execute(DriverCommandExecutor.java:142)\n\tat org.openqa.selenium.remote.RemoteWebDriver.execute(RemoteWebDriver.java:567)\n\tat org.openqa.selenium.remote.RemoteWebDriver.startSession(RemoteWebDriver.java:248)\n\tat org.openqa.selenium.remote.RemoteWebDriver.<init>(RemoteWebDriver.java:164)\n\tat org.openqa.selenium.chromium.ChromiumDriver.<init>(ChromiumDriver.java:108)\n\tat org.openqa.selenium.chrome.ChromeDriver.<init>(ChromeDriver.java:106)\n\tat org.openqa.selenium.chrome.ChromeDriver.<init>(ChromeDriver.java:93)\n\tat org.openqa.selenium.chrome.ChromeDriver.<init>(ChromeDriver.java:82)\n\tat factory.DriverFactory.init_driver(DriverFactory.java:40)\n\tat appHooks.HookSteps.lauchDriver(HookSteps.java:19)\n",
    "steps" : [ ],
    "attachments" : [ ],
    "parameters" : [ ],
    "stepsCount" : 0,
    "attachmentsCount" : 0,
    "shouldDisplayMessage" : true,
    "hasContent" : true
  } ],
  "testStage" : {
    "description" : "  This feature deals with the login functionality of the application",
    "status" : "skipped",
    "statusMessage" : "Could not start a new session. Response code 500. Message: unknown error: Chrome failed to start: exited abnormally.\n  (unknown error: DevToolsActivePort file doesn't exist)\n  (The process started from chrome location /usr/bin/google-chrome is no longer running, so ChromeDriver is assuming that Chrome has crashed.)\nBuild info: version: '4.1.3', revision: '7b1ebf28ef'\nSystem info: host: 'fv-az80-986', ip: '10.1.0.56', os.name: 'Linux', os.arch: 'amd64', os.version: '5.13.0-1022-azure', java.version: '11.0.14.1'\nDriver info: org.openqa.selenium.chrome.ChromeDriver\nCommand: [null, newSession {capabilities=[Capabilities {browserName: chrome, goog:chromeOptions: {args: [--disable-dev-shm-usage, --no-sandbox, disable-features=NetworkSer..., enable-features=NetworkServ..., disable-infobars, --disable-extensions, --disable-gpu, --log-level=3, --silent], extensions: []}}], desiredCapabilities=Capabilities {browserName: chrome, goog:chromeOptions: {args: [--disable-dev-shm-usage, --no-sandbox, disable-features=NetworkSer..., enable-features=NetworkServ..., disable-infobars, --disable-extensions, --disable-gpu, --log-level=3, --silent], extensions: []}}}]",
    "statusTrace" : "org.openqa.selenium.SessionNotCreatedException: Could not start a new session. Response code 500. Message: unknown error: Chrome failed to start: exited abnormally.\n  (unknown error: DevToolsActivePort file doesn't exist)\n  (The process started from chrome location /usr/bin/google-chrome is no longer running, so ChromeDriver is assuming that Chrome has crashed.)\nBuild info: version: '4.1.3', revision: '7b1ebf28ef'\nSystem info: host: 'fv-az80-986', ip: '10.1.0.56', os.name: 'Linux', os.arch: 'amd64', os.version: '5.13.0-1022-azure', java.version: '11.0.14.1'\nDriver info: org.openqa.selenium.chrome.ChromeDriver\nCommand: [null, newSession {capabilities=[Capabilities {browserName: chrome, goog:chromeOptions: {args: [--disable-dev-shm-usage, --no-sandbox, disable-features=NetworkSer..., enable-features=NetworkServ..., disable-infobars, --disable-extensions, --disable-gpu, --log-level=3, --silent], extensions: []}}], desiredCapabilities=Capabilities {browserName: chrome, goog:chromeOptions: {args: [--disable-dev-shm-usage, --no-sandbox, disable-features=NetworkSer..., enable-features=NetworkServ..., disable-infobars, --disable-extensions, --disable-gpu, --log-level=3, --silent], extensions: []}}}]\n\tat org.openqa.selenium.remote.ProtocolHandshake.createSession(ProtocolHandshake.java:126)\n\tat org.openqa.selenium.remote.ProtocolHandshake.createSession(ProtocolHandshake.java:84)\n\tat org.openqa.selenium.remote.ProtocolHandshake.createSession(ProtocolHandshake.java:62)\n\tat org.openqa.selenium.remote.HttpCommandExecutor.execute(HttpCommandExecutor.java:156)\n\tat org.openqa.selenium.remote.service.DriverCommandExecutor.invokeExecute(DriverCommandExecutor.java:167)\n\tat org.openqa.selenium.remote.service.DriverCommandExecutor.execute(DriverCommandExecutor.java:142)\n\tat org.openqa.selenium.remote.RemoteWebDriver.execute(RemoteWebDriver.java:567)\n\tat org.openqa.selenium.remote.RemoteWebDriver.startSession(RemoteWebDriver.java:248)\n\tat org.openqa.selenium.remote.RemoteWebDriver.<init>(RemoteWebDriver.java:164)\n\tat org.openqa.selenium.chromium.ChromiumDriver.<init>(ChromiumDriver.java:108)\n\tat org.openqa.selenium.chrome.ChromeDriver.<init>(ChromeDriver.java:106)\n\tat org.openqa.selenium.chrome.ChromeDriver.<init>(ChromeDriver.java:93)\n\tat org.openqa.selenium.chrome.ChromeDriver.<init>(ChromeDriver.java:82)\n\tat factory.DriverFactory.init_driver(DriverFactory.java:40)\n\tat appHooks.HookSteps.lauchDriver(HookSteps.java:19)\n",
    "steps" : [ {
      "name" : "Given  user navigates to login page",
      "time" : {
        "start" : 1651147612156,
        "stop" : 1651147612164,
        "duration" : 8
      },
      "status" : "skipped",
      "steps" : [ ],
      "attachments" : [ ],
      "parameters" : [ ],
      "stepsCount" : 0,
      "attachmentsCount" : 0,
      "shouldDisplayMessage" : false,
      "hasContent" : false
    }, {
      "name" : "And  user enters Email as \"admin@yourstore.com\" and Password as \"admin\"",
      "time" : {
        "start" : 1651147612168,
        "stop" : 1651147612176,
        "duration" : 8
      },
      "status" : "skipped",
      "steps" : [ ],
      "attachments" : [ ],
      "parameters" : [ ],
      "stepsCount" : 0,
      "attachmentsCount" : 0,
      "shouldDisplayMessage" : false,
      "hasContent" : false
    }, {
      "name" : "And  click on Login button",
      "time" : {
        "start" : 1651147612177,
        "stop" : 1651147612178,
        "duration" : 1
      },
      "status" : "skipped",
      "steps" : [ ],
      "attachments" : [ ],
      "parameters" : [ ],
      "stepsCount" : 0,
      "attachmentsCount" : 0,
      "shouldDisplayMessage" : false,
      "hasContent" : false
    }, {
      "name" : "Then  Page Title should be \"Dashboard / nopCommerce administration\"",
      "time" : {
        "start" : 1651147612178,
        "stop" : 1651147612179,
        "duration" : 1
      },
      "status" : "skipped",
      "steps" : [ ],
      "attachments" : [ ],
      "parameters" : [ ],
      "stepsCount" : 0,
      "attachmentsCount" : 0,
      "shouldDisplayMessage" : false,
      "hasContent" : false
    } ],
    "attachments" : [ ],
    "parameters" : [ ],
    "stepsCount" : 4,
    "attachmentsCount" : 0,
    "shouldDisplayMessage" : true,
    "hasContent" : true
  },
  "afterStages" : [ {
    "name" : "appHooks.HookSteps.tearDown(io.cucumber.java.Scenario)",
    "time" : {
      "start" : 1651147612180,
      "stop" : 1651147612585,
      "duration" : 405
    },
    "status" : "broken",
    "statusMessage" : "AFTER is failed: Could not start a new session. Response code 500. Message: unknown error: Chrome failed to start: exited abnormally.\n  (unknown error: DevToolsActivePort file doesn't exist)\n  (The process started from chrome location /usr/bin/google-chrome is no longer running, so ChromeDriver is assuming that Chrome has crashed.)\nBuild info: version: '4.1.3', revision: '7b1ebf28ef'\nSystem info: host: 'fv-az80-986', ip: '10.1.0.56', os.name: 'Linux', os.arch: 'amd64', os.version: '5.13.0-1022-azure', java.version: '11.0.14.1'\nDriver info: org.openqa.selenium.chrome.ChromeDriver\nCommand: [null, newSession {capabilities=[Capabilities {browserName: chrome, goog:chromeOptions: {args: [--disable-dev-shm-usage, --no-sandbox, disable-features=NetworkSer..., enable-features=NetworkServ..., disable-infobars, --disable-extensions, --disable-gpu, --log-level=3, --silent], extensions: []}}], desiredCapabilities=Capabilities {browserName: chrome, goog:chromeOptions: {args: [--disable-dev-shm-usage, --no-sandbox, disable-features=NetworkSer..., enable-features=NetworkServ..., disable-infobars, --disable-extensions, --disable-gpu, --log-level=3, --silent], extensions: []}}}]",
    "statusTrace" : "org.openqa.selenium.SessionNotCreatedException: Could not start a new session. Response code 500. Message: unknown error: Chrome failed to start: exited abnormally.\n  (unknown error: DevToolsActivePort file doesn't exist)\n  (The process started from chrome location /usr/bin/google-chrome is no longer running, so ChromeDriver is assuming that Chrome has crashed.)\nBuild info: version: '4.1.3', revision: '7b1ebf28ef'\nSystem info: host: 'fv-az80-986', ip: '10.1.0.56', os.name: 'Linux', os.arch: 'amd64', os.version: '5.13.0-1022-azure', java.version: '11.0.14.1'\nDriver info: org.openqa.selenium.chrome.ChromeDriver\nCommand: [null, newSession {capabilities=[Capabilities {browserName: chrome, goog:chromeOptions: {args: [--disable-dev-shm-usage, --no-sandbox, disable-features=NetworkSer..., enable-features=NetworkServ..., disable-infobars, --disable-extensions, --disable-gpu, --log-level=3, --silent], extensions: []}}], desiredCapabilities=Capabilities {browserName: chrome, goog:chromeOptions: {args: [--disable-dev-shm-usage, --no-sandbox, disable-features=NetworkSer..., enable-features=NetworkServ..., disable-infobars, --disable-extensions, --disable-gpu, --log-level=3, --silent], extensions: []}}}]\n\tat org.openqa.selenium.remote.ProtocolHandshake.createSession(ProtocolHandshake.java:126)\n\tat org.openqa.selenium.remote.ProtocolHandshake.createSession(ProtocolHandshake.java:84)\n\tat org.openqa.selenium.remote.ProtocolHandshake.createSession(ProtocolHandshake.java:62)\n\tat org.openqa.selenium.remote.HttpCommandExecutor.execute(HttpCommandExecutor.java:156)\n\tat org.openqa.selenium.remote.service.DriverCommandExecutor.invokeExecute(DriverCommandExecutor.java:167)\n\tat org.openqa.selenium.remote.service.DriverCommandExecutor.execute(DriverCommandExecutor.java:142)\n\tat org.openqa.selenium.remote.RemoteWebDriver.execute(RemoteWebDriver.java:567)\n\tat org.openqa.selenium.remote.RemoteWebDriver.startSession(RemoteWebDriver.java:248)\n\tat org.openqa.selenium.remote.RemoteWebDriver.<init>(RemoteWebDriver.java:164)\n\tat org.openqa.selenium.chromium.ChromiumDriver.<init>(ChromiumDriver.java:108)\n\tat org.openqa.selenium.chrome.ChromeDriver.<init>(ChromeDriver.java:106)\n\tat org.openqa.selenium.chrome.ChromeDriver.<init>(ChromeDriver.java:93)\n\tat org.openqa.selenium.chrome.ChromeDriver.<init>(ChromeDriver.java:82)\n\tat factory.DriverFactory.init_driver(DriverFactory.java:40)\n\tat factory.DriverFactory.getDriver(DriverFactory.java:26)\n\tat appHooks.HookSteps.tearDown(HookSteps.java:30)\n",
    "steps" : [ ],
    "attachments" : [ ],
    "parameters" : [ ],
    "stepsCount" : 0,
    "attachmentsCount" : 0,
    "shouldDisplayMessage" : true,
    "hasContent" : true
  }, {
    "name" : "appHooks.HookSteps.quitApplication()",
    "time" : {
      "start" : 1651147612586,
      "stop" : 1651147612587,
      "duration" : 1
    },
    "status" : "passed",
    "steps" : [ ],
    "attachments" : [ ],
    "parameters" : [ ],
    "stepsCount" : 0,
    "attachmentsCount" : 0,
    "shouldDisplayMessage" : false,
    "hasContent" : false
  } ],
  "labels" : [ {
    "name" : "host",
    "value" : "fv-az80-986"
  }, {
    "name" : "thread",
    "value" : "2176@fv-az80-986.main(1)"
  }, {
    "name" : "feature",
    "value" : "Login Feature"
  }, {
    "name" : "story",
    "value" : "Login Data Driven"
  }, {
    "name" : "suite",
    "value" : "Login Feature"
  }, {
    "name" : "testClass",
    "value" : "Login Data Driven"
  }, {
    "name" : "framework",
    "value" : "cucumber4jvm"
  }, {
    "name" : "language",
    "value" : "java"
  }, {
    "name" : "gherkin_uri",
    "value" : "file:///home/runner/work/nopCommerce-Selenium-Cucumber/nopCommerce-Selenium-Cucumber/src/test/resources/features/Login.feature"
  }, {
    "name" : "package",
    "value" : "src.test.resources.features.Login_feature.Login Feature"
  }, {
    "name" : "resultFormat",
    "value" : "allure2"
  } ],
  "parameters" : [ {
    "name" : "email",
    "value" : "admin@yourstore.com"
  }, {
    "name" : "password",
    "value" : "admin"
  } ],
  "links" : [ ],
  "hidden" : false,
  "retry" : false,
  "extra" : {
    "severity" : "normal",
    "retries" : [ ],
    "categories" : [ ],
    "tags" : [ ]
  },
  "source" : "fdb33ba6d591877e.json",
  "parameterValues" : [ "admin@yourstore.com", "admin" ]
}